<testsuite errors="1" failures="0" hostname="i-10litc0stvfc" name="features.Women_Tab.Women_Tab.The Women tab" skipped="0" tests="2" time="18.383633" timestamp="2019-03-18T15:13:21.015707"><testcase classname="features.Women_Tab.Women_Tab.The Women tab" name="User can navigate to Women page" status="passed" time="9.278368"><system-out>
<![CDATA[
@scenario.begin
  Scenario: User can navigate to Women page
    Given I have navigated to the main page ... passed in 4.925s
    When I click on the WOMEN button ... passed in 4.303s
    Then The page titled "Women - My Store" has loaded ... passed in 0.050s

@scenario.end
--------------------------------------------------------------------------------
]]>
</system-out></testcase><testcase classname="features.Women_Tab.Women_Tab.The Women tab" name="User can navigate to Women/Tops page" status="failed" time="9.105264"><error message="Message: &#10;" type="TimeoutException">
<![CDATA[
Failing step: When I hover over the WOMEN button ... failed in 5.264s
Location: features/features/Women_Tab/Women_Tab.feature:13
Traceback (most recent call last):
  File "c:\users\mbcx6ag2\appdata\local\programs\python\python37-32\lib\site-packages\behave\model.py", line 1329, in run
    match.run(runner.context)
  File "c:\users\mbcx6ag2\appdata\local\programs\python\python37-32\lib\site-packages\behave\matchers.py", line 98, in run
    self.func(context, *args, **kwargs)
  File "C:\0\features\steps\Women_Tab\Women_Tab.py", line 24, in i_click_women_button
    visibilityXP(context, e["TOPS_hover"])
  File "C:\0\shortcuts\ECs\ecs.py", line 15, in visibilityXP
    return context.wait.until(EC.visibility_of_element_located((By.XPATH, xpath)))
  File "c:\users\mbcx6ag2\appdata\local\programs\python\python37-32\lib\site-packages\selenium\webdriver\support\wait.py", line 80, in until
    raise TimeoutException(message, screen, stacktrace)
selenium.common.exceptions.TimeoutException: Message: 

]]>
</error><system-out>
<![CDATA[
@scenario.begin

  @test
  Scenario: User can navigate to Women/Tops page
    Given I have navigated to the main page ... passed in 3.842s
    When I hover over the WOMEN button ... failed in 5.264s
    And I click on the TOPS header ... skipped in 0.000s
    Then The page titled "Tops - My Store" has loaded ... skipped in 0.000s

@scenario.end
--------------------------------------------------------------------------------
]]>
</system-out></testcase></testsuite>